<?xml version="1.0" encoding="UTF-8"?>
<!-- Generated by org.testng.reporters.JUnitReportReporter -->
<testsuite hostname="Yeasin" failures="0" tests="2" name="testCases.TC002_AccountLoginTest" time="3.962" errors="0" timestamp="2024-09-21T08:53:36 EDT" skipped="0">
  <testcase classname="testCases.TC002_AccountLoginTest" name="verity_account_login" time="1.938"/>
  <testcase classname="testCases.TC002_AccountLoginTest" name="verity_account_login" time="2.024"/>
</testsuite> <!-- testCases.TC002_AccountLoginTest -->
